12:28:03:377  INFO 21088 --- [main] com.hmall.HMallApplication               : Starting HMallApplication using Java 21.0.4 on wolter with PID 21088 (E:\java_project\hmall\hm-service\target\classes started by olter in E:\java_project\hmall)
12:28:03:382 DEBUG 21088 --- [main] com.hmall.HMallApplication               : Running with Spring Boot v2.7.12, Spring v5.3.27
12:28:03:383  INFO 21088 --- [main] com.hmall.HMallApplication               : The following 1 profile is active: "local"
12:28:04:212  INFO 21088 --- [main] .s.d.r.c.RepositoryConfigurationDelegate : Multiple Spring Data modules found, entering strict repository configuration mode
12:28:04:214  INFO 21088 --- [main] .s.d.r.c.RepositoryConfigurationDelegate : Bootstrapping Spring Data Redis repositories in DEFAULT mode.
12:28:04:234  INFO 21088 --- [main] .s.d.r.c.RepositoryConfigurationDelegate : Finished Spring Data repository scanning in 11 ms. Found 0 Redis repository interfaces.
12:28:04:922  INFO 21088 --- [main] o.s.b.w.embedded.tomcat.TomcatWebServer  : Tomcat initialized with port(s): 8080 (http)
12:28:05:053  INFO 21088 --- [main] w.s.c.ServletWebServerApplicationContext : Root WebApplicationContext: initialization completed in 1626 ms
12:31:25:791  INFO 20260 --- [main] com.hmall.HMallApplication               : Starting HMallApplication using Java 21.0.4 on wolter with PID 20260 (E:\java_project\hmall\hm-service\target\classes started by olter in E:\java_project\hmall)
12:31:25:793 DEBUG 20260 --- [main] com.hmall.HMallApplication               : Running with Spring Boot v2.7.12, Spring v5.3.27
12:31:25:794  INFO 20260 --- [main] com.hmall.HMallApplication               : The following 1 profile is active: "local"
12:31:26:587  INFO 20260 --- [main] .s.d.r.c.RepositoryConfigurationDelegate : Multiple Spring Data modules found, entering strict repository configuration mode
12:31:26:589  INFO 20260 --- [main] .s.d.r.c.RepositoryConfigurationDelegate : Bootstrapping Spring Data Redis repositories in DEFAULT mode.
12:31:26:613  INFO 20260 --- [main] .s.d.r.c.RepositoryConfigurationDelegate : Finished Spring Data repository scanning in 12 ms. Found 0 Redis repository interfaces.
12:31:27:334  INFO 20260 --- [main] o.s.b.w.embedded.tomcat.TomcatWebServer  : Tomcat initialized with port(s): 8080 (http)
12:31:27:342  INFO 20260 --- [main] o.apache.catalina.core.StandardService   : Starting service [Tomcat]
12:31:27:342  INFO 20260 --- [main] org.apache.catalina.core.StandardEngine  : Starting Servlet engine: [Apache Tomcat/9.0.75]
12:31:27:500  INFO 20260 --- [main] o.a.c.c.C.[Tomcat].[localhost].[/]       : Initializing Spring embedded WebApplicationContext
12:31:27:501  INFO 20260 --- [main] w.s.c.ServletWebServerApplicationContext : Root WebApplicationContext: initialization completed in 1667 ms
12:31:28:947  INFO 20260 --- [main] pertySourcedRequestMappingHandlerMapping : Mapped URL path [/v2/api-docs] onto method [springfox.documentation.swagger2.web.Swagger2ControllerWebMvc#getDocumentation(String, HttpServletRequest)]
12:31:29:468  INFO 20260 --- [main] o.s.b.w.embedded.tomcat.TomcatWebServer  : Tomcat started on port(s): 8080 (http) with context path ''
12:31:29:469  INFO 20260 --- [main] d.s.w.p.DocumentationPluginsBootstrapper : Documentation plugins bootstrapped
12:31:29:472  INFO 20260 --- [main] d.s.w.p.DocumentationPluginsBootstrapper : Found 1 custom documentation plugin(s)
12:31:29:515  INFO 20260 --- [main] s.d.s.w.s.ApiListingReferenceScanner     : Scanning for api listing references
12:31:29:710  INFO 20260 --- [main] com.hmall.HMallApplication               : Started HMallApplication in 4.254 seconds (JVM running for 4.798)
